array(10) {
  ["amount"]=>
  string(0) ""
  ["curr"]=>
  string(0) ""
  ["invoice_id"]=>
  string(0) ""
  ["ep_id"]=>
  string(0) ""
  ["merch_id"]=>
  string(0) ""
  ["action"]=>
  string(0) ""
  ["message"]=>
  string(0) ""
  ["approval"]=>
  string(0) ""
  ["timestamp"]=>
  string(0) ""
  ["nonce"]=>
  string(0) ""
}

array(10) {
  ["amount"]=>
  string(0) ""
  ["curr"]=>
  string(0) ""
  ["invoice_id"]=>
  string(0) ""
  ["ep_id"]=>
  string(0) ""
  ["merch_id"]=>
  string(0) ""
  ["action"]=>
  string(0) ""
  ["message"]=>
  string(0) ""
  ["approval"]=>
  string(0) ""
  ["timestamp"]=>
  string(0) ""
  ["nonce"]=>
  string(0) ""
}

array(10) {
  ["amount"]=>
  string(0) ""
  ["curr"]=>
  string(0) ""
  ["invoice_id"]=>
  string(0) ""
  ["ep_id"]=>
  string(0) ""
  ["merch_id"]=>
  string(0) ""
  ["action"]=>
  string(0) ""
  ["message"]=>
  string(0) ""
  ["approval"]=>
  string(0) ""
  ["timestamp"]=>
  string(0) ""
  ["nonce"]=>
  string(0) ""
}

array(10) {
  ["amount"]=>
  string(0) ""
  ["curr"]=>
  string(0) ""
  ["invoice_id"]=>
  string(0) ""
  ["ep_id"]=>
  string(0) ""
  ["merch_id"]=>
  string(0) ""
  ["action"]=>
  string(0) ""
  ["message"]=>
  string(0) ""
  ["approval"]=>
  string(0) ""
  ["timestamp"]=>
  string(0) ""
  ["nonce"]=>
  string(0) ""
}

array(10) {
  ["amount"]=>
  string(0) ""
  ["curr"]=>
  string(0) ""
  ["invoice_id"]=>
  string(0) ""
  ["ep_id"]=>
  string(0) ""
  ["merch_id"]=>
  string(0) ""
  ["action"]=>
  string(0) ""
  ["message"]=>
  string(0) ""
  ["approval"]=>
  string(0) ""
  ["timestamp"]=>
  string(0) ""
  ["nonce"]=>
  string(0) ""
}

array(10) {
  ["amount"]=>
  string(0) ""
  ["curr"]=>
  string(0) ""
  ["invoice_id"]=>
  string(0) ""
  ["ep_id"]=>
  string(0) ""
  ["merch_id"]=>
  string(0) ""
  ["action"]=>
  string(0) ""
  ["message"]=>
  string(0) ""
  ["approval"]=>
  string(0) ""
  ["timestamp"]=>
  string(0) ""
  ["nonce"]=>
  string(0) ""
}


y
failed1562983